[21908:21228:1214/143420.239:WARNING:chrome_main_delegate.cc(667)] This is Chrome version 120.0.6099.71 (not a warning)
[21908:21228:1214/143420.253:WARNING:chrome_command_line_pref_store.cc(121)] Additional command-line proxy switches specified when --no-proxy-server was also specified.
[21908:21228:1214/143420.256:WARNING:chrome_command_line_pref_store.cc(121)] Additional command-line proxy switches specified when --no-proxy-server was also specified.
[21908:21228:1214/143420.337:INFO:policy_logger.cc(144)] :components\enterprise\browser\controller\chrome_browser_cloud_management_controller.cc(168) Starting CBCM Controller Initialization
[21908:21228:1214/143420.337:INFO:policy_logger.cc(144)] :components\enterprise\browser\controller\chrome_browser_cloud_management_controller.cc(196) No machine level policy manager exists.
[21908:21228:1214/143420.352:WARNING:chrome_command_line_pref_store.cc(121)] Additional command-line proxy switches specified when --no-proxy-server was also specified.
[21908:21228:1214/143421.184:INFO:CONSOLE(1)] "[2023-12-14T14:34:21.183Z] PLOG:  On Installed Called", source: chrome-extension://lcjffalegnahpnmpnheedopiokdlcpgg/BS.js (1)
[21908:21228:1214/143421.186:INFO:CONSOLE(1)] "[2023-12-14T14:34:21.185Z] PLOG:  Got the tab:  1607901260", source: chrome-extension://lcjffalegnahpnmpnheedopiokdlcpgg/BS.js (1)
[21908:21228:1214/143422.126:INFO:CONSOLE(1)] "[2023-12-14T14:34:22.125Z] PLOG:  On Tab Updated Called, Tab Info:  [object Object]", source: chrome-extension://lcjffalegnahpnmpnheedopiokdlcpgg/BS.js (1)
[21908:21228:1214/143422.126:INFO:CONSOLE(1)] "[2023-12-14T14:34:22.125Z] PLOG:  On Tab Updated Called, Tab Info:  [object Object]", source: chrome-extension://lcjffalegnahpnmpnheedopiokdlcpgg/BS.js (1)
[21908:21228:1214/143422.323:INFO:CONSOLE(1)] "[2023-12-14T14:34:22.307Z] PLOG:  On Tab Updated Called, Tab Info:  [object Object]", source: chrome-extension://lcjffalegnahpnmpnheedopiokdlcpgg/BS.js (1)
[21908:21228:1214/143422.339:INFO:CONSOLE(1)] "[2023-12-14T14:34:22.327Z] PLOG:  On Tab Updated Called, Tab Info:  [object Object]", source: chrome-extension://lcjffalegnahpnmpnheedopiokdlcpgg/BS.js (1)
[21908:21228:1214/143423.411:INFO:CONSOLE(1)] "[2023-12-14T14:34:23.391Z] PLOG:  On Tab Updated Called, Tab Info:  [object Object]", source: chrome-extension://lcjffalegnahpnmpnheedopiokdlcpgg/BS.js (1)
[21908:21228:1214/143423.412:INFO:CONSOLE(1)] "[2023-12-14T14:34:23.391Z] PLOG:  On Tab Updated Called, Tab Info:  [object Object]", source: chrome-extension://lcjffalegnahpnmpnheedopiokdlcpgg/BS.js (1)
[21908:21228:1214/143423.496:INFO:CONSOLE(1)] "[2023-12-14T14:34:23.495Z] PLOG:  On Tab Updated Called, Tab Info:  [object Object]", source: chrome-extension://lcjffalegnahpnmpnheedopiokdlcpgg/BS.js (1)
[21908:21228:1214/143423.496:INFO:CONSOLE(1)] "[2023-12-14T14:34:23.496Z] PLOG:  adding chrome listeners...", source: chrome-extension://lcjffalegnahpnmpnheedopiokdlcpgg/BS.js (1)
[21908:21228:1214/143423.499:INFO:CONSOLE(1)] "[2023-12-14T14:34:23.498Z] PLOG:  Setting connecting icon...", source: chrome-extension://lcjffalegnahpnmpnheedopiokdlcpgg/BS.js (1)
[21908:21228:1214/143423.501:INFO:CONSOLE(1)] "INIT    === Start of processExistingTabs.  refresh: false", source: chrome-extension://lcjffalegnahpnmpnheedopiokdlcpgg/BS.js (1)
[21908:21228:1214/143423.501:INFO:CONSOLE(1)] "INIT    === Start of processExistingTabs.  refresh: true", source: chrome-extension://lcjffalegnahpnmpnheedopiokdlcpgg/BS.js (1)
[21908:21228:1214/143423.502:INFO:CONSOLE(1)] "[2023-12-14T14:34:23.500Z] PLOG:  Initiating Socket Clients... [object Object]", source: chrome-extension://lcjffalegnahpnmpnheedopiokdlcpgg/BS.js (1)
[21908:21228:1214/143423.502:INFO:CONSOLE(1)] "[2023-12-14T14:34:23.500Z] PLOG:  Initiating Socket Client...", source: chrome-extension://lcjffalegnahpnmpnheedopiokdlcpgg/BS.js (1)
[21908:21228:1214/143423.502:INFO:CONSOLE(1)] "INIT    === chrome.tabs.query result.  tabs.length: 1", source: chrome-extension://lcjffalegnahpnmpnheedopiokdlcpgg/BS.js (1)
[21908:21228:1214/143423.502:INFO:CONSOLE(1)] "INIT    === Got pre-exiting tab.  i:  0, tabId: 1607901260, url: file:///C:/Users/user/AppData/Local/Temp/ProvarChromeIde15176794382103826882/provarPort=60429&idePort=60449&sessionId=1&subSessionId=2&connectionName=PSPConnection:PSPConnection&devMode=false&showEnhancedXpathEditor=true&dmwAttempt=0&dmwCloseTimeInSec=2000&useTargetXpaths=false.html, existingTab: undefined", source: chrome-extension://lcjffalegnahpnmpnheedopiokdlcpgg/BS.js (1)
[21908:21228:1214/143423.502:INFO:CONSOLE(1)] "INIT    === Created connectionDetails for new tab", source: chrome-extension://lcjffalegnahpnmpnheedopiokdlcpgg/BS.js (1)
[21908:21228:1214/143423.502:INFO:CONSOLE(1)] "INIT    === Set focused tab.  focusedTabId: 1607901260", source: chrome-extension://lcjffalegnahpnmpnheedopiokdlcpgg/BS.js (1)
[21908:21228:1214/143423.503:INFO:CONSOLE(1)] "INIT    === chrome.tabs.query result.  tabs.length: 1", source: chrome-extension://lcjffalegnahpnmpnheedopiokdlcpgg/BS.js (1)
[21908:21228:1214/143423.503:INFO:CONSOLE(1)] "INIT    === Got pre-exiting tab.  i:  0, tabId: 1607901260, url: file:///C:/Users/user/AppData/Local/Temp/ProvarChromeIde15176794382103826882/provarPort=60429&idePort=60449&sessionId=1&subSessionId=2&connectionName=PSPConnection:PSPConnection&devMode=false&showEnhancedXpathEditor=true&dmwAttempt=0&dmwCloseTimeInSec=2000&useTargetXpaths=false.html, existingTab: [object Object]", source: chrome-extension://lcjffalegnahpnmpnheedopiokdlcpgg/BS.js (1)
[21908:21228:1214/143423.547:INFO:CONSOLE(1)] "[2023-12-14T14:34:23.546Z] PLOG:  Getting Context Message:  [object Object]", source: chrome-extension://lcjffalegnahpnmpnheedopiokdlcpgg/BS.js (1)
[21908:21228:1214/143423.547:INFO:CONSOLE(1)] "[2023-12-14T14:34:23.546Z] PLOG:  Is ProvarSocketClient Connected:  false", source: chrome-extension://lcjffalegnahpnmpnheedopiokdlcpgg/BS.js (1)
[21908:21228:1214/143423.547:INFO:CONSOLE(1)] "[2023-12-14T14:34:23.546Z] PLOG:  ProvarSocketClient not found, connecting now to:  /provar/selenium 60429", source: chrome-extension://lcjffalegnahpnmpnheedopiokdlcpgg/BS.js (1)
[21908:21228:1214/143423.548:INFO:CONSOLE(1)] "[2023-12-14T14:34:23.547Z] PLOG:  doIdeConnectAndOpenSession, connecting to IDE..", source: chrome-extension://lcjffalegnahpnmpnheedopiokdlcpgg/BS.js (1)
[21908:21228:1214/143423.549:INFO:CONSOLE(1)] "[2023-12-14T14:34:23.547Z] PLOG:  Instantiating IdeSocketClient on:  60449", source: chrome-extension://lcjffalegnahpnmpnheedopiokdlcpgg/BS.js (1)
[21908:21228:1214/143423.549:INFO:CONSOLE(1)] "[2023-12-14T14:34:23.548Z] PLOG:  Initiated Socket Clients.", source: chrome-extension://lcjffalegnahpnmpnheedopiokdlcpgg/BS.js (1)
[21908:21228:1214/143423.554:INFO:CONSOLE(1)] "Sending request to Provar to get strategies", source: chrome-extension://lcjffalegnahpnmpnheedopiokdlcpgg/BS.js (1)
[21908:21228:1214/143423.580:INFO:CONSOLE(1)] "dispatchMessage - resolving response:  [object Object]", source: chrome-extension://lcjffalegnahpnmpnheedopiokdlcpgg/BS.js (1)
[21908:21228:1214/143423.868:INFO:CONSOLE(1)] "[2023-12-14T14:34:23.867Z] PLOG:  Received IdeSockeClientOpen Response:  [object Object]", source: chrome-extension://lcjffalegnahpnmpnheedopiokdlcpgg/BS.js (1)
[21908:21228:1214/143423.868:INFO:CONSOLE(1)] "[2023-12-14T14:34:23.867Z] PLOG:  Sending Session Request:  [object Object]", source: chrome-extension://lcjffalegnahpnmpnheedopiokdlcpgg/BS.js (1)
[21908:21228:1214/143423.869:INFO:CONSOLE(1)] "[2023-12-14T14:34:23.868Z] PLOG:  Updating Connection Status to Connected", source: chrome-extension://lcjffalegnahpnmpnheedopiokdlcpgg/BS.js (1)
[21908:21228:1214/143423.875:INFO:CONSOLE(1)] "[2023-12-14T14:34:23.874Z] PLOG:  Received Response for Session Request:  [object Object]", source: chrome-extension://lcjffalegnahpnmpnheedopiokdlcpgg/BS.js (1)
[21908:21228:1214/143426.364:INFO:CONSOLE(1)] "[2023-12-14T14:34:26.362Z] PLOG:  On Tab Updated Called, Tab Info:  [object Object]", source: chrome-extension://lcjffalegnahpnmpnheedopiokdlcpgg/BS.js (1)
[21908:21228:1214/143426.364:INFO:CONSOLE(1)] "[2023-12-14T14:34:26.363Z] PLOG:  On Tab Updated Called, Tab Info:  [object Object]", source: chrome-extension://lcjffalegnahpnmpnheedopiokdlcpgg/BS.js (1)
[21908:21228:1214/143428.182:INFO:CONSOLE(1)] "[2023-12-14T14:34:28.182Z] PLOG:  On Tab Updated Called, Tab Info:  [object Object]", source: chrome-extension://lcjffalegnahpnmpnheedopiokdlcpgg/BS.js (1)
[21908:21228:1214/143428.506:INFO:CONSOLE(1)] "INIT    === Start of processExistingTabs.  refresh: true", source: chrome-extension://lcjffalegnahpnmpnheedopiokdlcpgg/BS.js (1)
[21908:21228:1214/143428.509:INFO:CONSOLE(1)] "INIT    === chrome.tabs.query result.  tabs.length: 1", source: chrome-extension://lcjffalegnahpnmpnheedopiokdlcpgg/BS.js (1)
[21908:21228:1214/143428.510:INFO:CONSOLE(1)] "INIT    === Got pre-exiting tab.  i:  0, tabId: 1607901260, url: https://automation-c-dev-ed.develop.file.force.com/secur/contentDoor?startURL=https%3A%2F%2Fautomation-c-dev-ed.develop.my.salesforce.com%2Fone%2Fone.app&sid=00DWS000000CiA9%21AQEAQKAs_ikmx7y8Ca7dkUFz83hDXER2ajzP8kDhQr8V9o7xL1CRpsonbxfZIiVqzcHQSR._dC4n4SpabqmbTLf6VBRcTTEE&skipRedirect=1&lm=eyJlbmMiOiJBMjU2R0NNIiwiYXVkIjoiMDBEV1MwMDAwMDBDaUE5Iiwia2lkIjoie1widFwiOlwiMDBEV1MwMDAwMDBDaUE5XCIsXCJ2XCI6XCIwMkdXUzAwMDAwMDFsMWhcIixcImFcIjpcImNvbnRlbnRkb29ydXNlcnRyYW5zaWVudGtleWVuY3J5cHRcIixcInVcIjpcIjAwNVdTMDAwMDAwNzJZOVwifSIsImNyaXQiOlsiaWF0Il0sImlhdCI6MTcwMjU2NDQ2NjMyOSwiZXhwIjowfQ%3D%3D..104UwguGccQ4I69H.bC_esC69K0dVagYKDK87UA%3D%3D.Eea17LrkOF9u95MnU7aKmw%3D%3D, existingTab: [object Object]", source: chrome-extension://lcjffalegnahpnmpnheedopiokdlcpgg/BS.js (1)
[21908:21228:1214/143428.766:INFO:CONSOLE(1)] "[2023-12-14T14:34:28.766Z] PLOG:  On Tab Updated Called, Tab Info:  [object Object]", source: chrome-extension://lcjffalegnahpnmpnheedopiokdlcpgg/BS.js (1)
[21908:21228:1214/143428.783:INFO:CONSOLE(1)] "[2023-12-14T14:34:28.782Z] PLOG:  On Tab Updated Called, Tab Info:  [object Object]", source: chrome-extension://lcjffalegnahpnmpnheedopiokdlcpgg/BS.js (1)
[21908:21228:1214/143430.652:INFO:CONSOLE(1)] "[2023-12-14T14:34:30.652Z] PLOG:  On Tab Updated Called, Tab Info:  [object Object]", source: chrome-extension://lcjffalegnahpnmpnheedopiokdlcpgg/BS.js (1)
[21908:21228:1214/143430.711:INFO:CONSOLE(1)] "[2023-12-14T14:34:30.702Z] PLOG:  On Tab Updated Called, Tab Info:  [object Object]", source: chrome-extension://lcjffalegnahpnmpnheedopiokdlcpgg/BS.js (1)
[21908:21228:1214/143433.336:INFO:CONSOLE(1)] "ComponentProfiler: Component-level profiling has not been enabled because "componentProfiler.instrumentation.ltng" gate is not open.", source: https://automation-c-dev-ed.develop.lightning.force.com/components/instrumentation/componentProfiler.js (1)
[21908:21228:1214/143434.260:INFO:CONSOLE(4)] "empApi setting initialized true for : undefined", source: https://automation-c-dev-ed.develop.lightning.force.com/components/force/empApi.js (4)
[21908:21228:1214/143434.400:INFO:CONSOLE(1)] "[2023-12-14T14:34:34.399Z] PLOG:  On Tab Updated Called, Tab Info:  [object Object]", source: chrome-extension://lcjffalegnahpnmpnheedopiokdlcpgg/BS.js (1)
[21908:21228:1214/143434.464:INFO:CONSOLE(1)] "[2023-12-14T14:34:34.464Z] PLOG:  On Tab Updated Called, Tab Info:  [object Object]", source: chrome-extension://lcjffalegnahpnmpnheedopiokdlcpgg/BS.js (1)
[21908:21228:1214/143434.469:INFO:CONSOLE(1)] "[2023-12-14T14:34:34.468Z] PLOG:  On Tab Updated Called, Tab Info:  [object Object]", source: chrome-extension://lcjffalegnahpnmpnheedopiokdlcpgg/BS.js (1)
[21908:21228:1214/143434.698:INFO:CONSOLE(1)] "[2023-12-14T14:34:34.697Z] PLOG:  On Tab Updated Called, Tab Info:  [object Object]", source: chrome-extension://lcjffalegnahpnmpnheedopiokdlcpgg/BS.js (1)
[21908:21228:1214/143434.778:INFO:CONSOLE(1)] "[2023-12-14T14:34:34.777Z] PLOG:  On Tab Updated Called, Tab Info:  [object Object]", source: chrome-extension://lcjffalegnahpnmpnheedopiokdlcpgg/BS.js (1)
[21908:21228:1214/143436.548:INFO:CONSOLE(44)] "[object Object]", source: https://automation-c-dev-ed.develop.lightning.force.com/libraries/instrumentation/beaconLib.BeaconLibrary.js (44)
[21908:21228:1214/143439.778:WARNING:controller_impl.cc(1190)] Background download complete, client: 6, completion type: 0, file size:265059
[21908:21228:1214/143440.929:WARNING:controller_impl.cc(1190)] Background download complete, client: 6, completion type: 0, file size:5087
[21908:21228:1214/143442.057:WARNING:controller_impl.cc(1190)] Background download complete, client: 6, completion type: 0, file size:883094
[21908:21228:1214/143443.181:WARNING:controller_impl.cc(1190)] Background download complete, client: 6, completion type: 0, file size:45116
[21908:21228:1214/143445.213:INFO:CONSOLE(1)] "[2023-12-14T14:34:45.212Z] PLOG:  On Tab Updated Called, Tab Info:  [object Object]", source: chrome-extension://lcjffalegnahpnmpnheedopiokdlcpgg/BS.js (1)
[21908:21228:1214/143445.259:INFO:CONSOLE(1)] "[2023-12-14T14:34:45.257Z] PLOG:  On Tab Updated Called, Tab Info:  [object Object]", source: chrome-extension://lcjffalegnahpnmpnheedopiokdlcpgg/BS.js (1)
[21908:21228:1214/143445.590:WARNING:download_manager_impl.cc(708)] A download with the same GUID already exists, the new request is ignored.
[21908:21228:1214/143446.042:INFO:CONSOLE(1)] "ComponentProfiler: Component-level profiling has not been enabled because "componentProfiler.instrumentation.ltng" gate is not open.", source: https://automation-c-dev-ed.develop.lightning.force.com/components/instrumentation/componentProfiler.js (1)
[21908:21228:1214/143447.065:INFO:CONSOLE(4)] "empApi setting initialized true for : undefined", source: https://automation-c-dev-ed.develop.lightning.force.com/components/force/empApi.js (4)
[21908:21228:1214/143447.213:INFO:CONSOLE(1)] "[2023-12-14T14:34:47.212Z] PLOG:  On Tab Updated Called, Tab Info:  [object Object]", source: chrome-extension://lcjffalegnahpnmpnheedopiokdlcpgg/BS.js (1)
[21908:21228:1214/143447.214:INFO:CONSOLE(1)] "[2023-12-14T14:34:47.213Z] PLOG:  On Tab Updated Called, Tab Info:  [object Object]", source: chrome-extension://lcjffalegnahpnmpnheedopiokdlcpgg/BS.js (1)
[21908:21228:1214/143447.395:INFO:CONSOLE(1)] "[2023-12-14T14:34:47.394Z] PLOG:  On Tab Updated Called, Tab Info:  [object Object]", source: chrome-extension://lcjffalegnahpnmpnheedopiokdlcpgg/BS.js (1)
[21908:21228:1214/143447.395:INFO:CONSOLE(1)] "[2023-12-14T14:34:47.395Z] PLOG:  On Tab Updated Called, Tab Info:  [object Object]", source: chrome-extension://lcjffalegnahpnmpnheedopiokdlcpgg/BS.js (1)
[21908:21228:1214/143447.395:INFO:CONSOLE(1)] "[2023-12-14T14:34:47.395Z] PLOG:  On Tab Updated Called, Tab Info:  [object Object]", source: chrome-extension://lcjffalegnahpnmpnheedopiokdlcpgg/BS.js (1)
[21908:21228:1214/143447.481:INFO:CONSOLE(1)] "[2023-12-14T14:34:47.480Z] PLOG:  On Tab Updated Called, Tab Info:  [object Object]", source: chrome-extension://lcjffalegnahpnmpnheedopiokdlcpgg/BS.js (1)
[21908:21228:1214/143448.404:WARNING:controller_impl.cc(1190)] Background download complete, client: 6, completion type: 0, file size:2746900
[21908:21228:1214/143448.827:WARNING:controller_impl.cc(1190)] Background download complete, client: 6, completion type: 0, file size:3844
[21908:21228:1214/143448.881:INFO:CONSOLE(1)] "[2023-12-14T14:34:48.881Z] PLOG:  On Tab Updated Called, Tab Info:  [object Object]", source: chrome-extension://lcjffalegnahpnmpnheedopiokdlcpgg/BS.js (1)
[21908:21228:1214/143450.945:WARNING:controller_impl.cc(1190)] Background download complete, client: 6, completion type: 0, file size:33994661
[21908:21228:1214/143451.142:INFO:CONSOLE(44)] "[object Object]", source: https://automation-c-dev-ed.develop.lightning.force.com/libraries/instrumentation/beaconLib.BeaconLibrary.js (44)
[21908:21228:1214/143502.360:INFO:CONSOLE(44)] "[object Object]", source: https://automation-c-dev-ed.develop.lightning.force.com/libraries/instrumentation/beaconLib.BeaconLibrary.js (44)
[21908:21228:1214/143503.757:INFO:CONSOLE(1533)] "[object HTMLDivElement]", source:  (1533)
[21908:21228:1214/143509.379:INFO:CONSOLE(1533)] "[object HTMLElement]", source:  (1533)
[21908:21228:1214/143509.824:INFO:CONSOLE(1533)] "[object HTMLButtonElement]", source:  (1533)
[21908:21228:1214/143511.225:INFO:CONSOLE(1533)] "[object HTMLButtonElement]", source:  (1533)
[21908:21228:1214/143512.075:INFO:CONSOLE(1)] "[2023-12-14T14:35:12.072Z] PLOG:  On Tab Updated Called, Tab Info:  [object Object]", source: chrome-extension://lcjffalegnahpnmpnheedopiokdlcpgg/BS.js (1)
[21908:21228:1214/143512.075:INFO:CONSOLE(1)] "[2023-12-14T14:35:12.072Z] PLOG:  On Tab Updated Called, Tab Info:  [object Object]", source: chrome-extension://lcjffalegnahpnmpnheedopiokdlcpgg/BS.js (1)
[21908:21228:1214/143512.076:INFO:CONSOLE(1)] "[2023-12-14T14:35:12.072Z] PLOG:  On Tab Updated Called, Tab Info:  [object Object]", source: chrome-extension://lcjffalegnahpnmpnheedopiokdlcpgg/BS.js (1)
[21908:21228:1214/143512.159:INFO:CONSOLE(1)] "<lightning-spinner> The alternativeText attribute should not be empty. Please add a description of what is causing the wait.", source: https://automation-c-dev-ed.develop.lightning.force.com/components/lightning/spinner.js (1)
[21908:21228:1214/143512.197:INFO:CONSOLE(1)] "[2023-12-14T14:35:12.197Z] PLOG:  On Tab Updated Called, Tab Info:  [object Object]", source: chrome-extension://lcjffalegnahpnmpnheedopiokdlcpgg/BS.js (1)
[21908:21228:1214/143512.942:INFO:CONSOLE(44)] "[object Object]", source: https://automation-c-dev-ed.develop.lightning.force.com/libraries/instrumentation/beaconLib.BeaconLibrary.js (44)
[21908:21228:1214/143515.792:INFO:CONSOLE(1533)] "[object HTMLDivElement]", source:  (1533)
[21908:21228:1214/143521.549:INFO:CONSOLE(1533)] "[object HTMLDivElement]", source:  (1533)
[21908:21228:1214/143522.676:INFO:CONSOLE(1533)] "[object HTMLElement]", source:  (1533)
[21908:21228:1214/143525.632:INFO:CONSOLE(1533)] "[object HTMLDivElement]", source:  (1533)
[21908:21228:1214/143526.837:INFO:CONSOLE(1533)] "[object HTMLDivElement]", source:  (1533)
[21908:21228:1214/143527.120:INFO:CONSOLE(1533)] "[object HTMLDivElement]", source:  (1533)
[21908:21228:1214/143529.689:INFO:CONSOLE(1533)] "[object HTMLAnchorElement],[object HTMLAnchorElement],[object HTMLAnchorElement],[object HTMLAnchorElement],[object HTMLAnchorElement]", source:  (1533)
[21908:21228:1214/143531.837:INFO:CONSOLE(1533)] "[object HTMLDivElement]", source:  (1533)
[21908:21228:1214/143532.158:INFO:CONSOLE(1533)] "[object HTMLDivElement]", source:  (1533)
[21908:21228:1214/143538.045:INFO:CONSOLE(1533)] "[object HTMLDivElement]", source:  (1533)
[21908:21228:1214/143539.047:INFO:CONSOLE(1533)] "[object HTMLDivElement]", source:  (1533)
[21908:21228:1214/143539.054:INFO:CONSOLE(1)] "<lightning-icon> Invalid icon name utility:", source: https://automation-c-dev-ed.develop.lightning.force.com/components/lightning/icon.js (1)
[21908:21228:1214/143541.380:INFO:CONSOLE(1)] "[2023-12-14T14:35:41.380Z] PLOG:  On Tab Updated Called, Tab Info:  [object Object]", source: chrome-extension://lcjffalegnahpnmpnheedopiokdlcpgg/BS.js (1)
[21908:21228:1214/143541.404:INFO:CONSOLE(1)] "[2023-12-14T14:35:41.404Z] PLOG:  On Tab Updated Called, Tab Info:  [object Object]", source: chrome-extension://lcjffalegnahpnmpnheedopiokdlcpgg/BS.js (1)
[21908:21228:1214/143541.404:INFO:CONSOLE(1)] "[2023-12-14T14:35:41.405Z] PLOG:  On Tab Updated Called, Tab Info:  [object Object]", source: chrome-extension://lcjffalegnahpnmpnheedopiokdlcpgg/BS.js (1)
[21908:21228:1214/143541.404:INFO:CONSOLE(1)] "[2023-12-14T14:35:41.405Z] PLOG:  On Tab Updated Called, Tab Info:  [object Object]", source: chrome-extension://lcjffalegnahpnmpnheedopiokdlcpgg/BS.js (1)
[21908:21228:1214/143541.591:INFO:CONSOLE(44)] "[object Object]", source: https://automation-c-dev-ed.develop.lightning.force.com/libraries/instrumentation/beaconLib.BeaconLibrary.js (44)
[21908:21228:1214/143551.086:INFO:CONSOLE(1)] "<lightning-icon> Invalid icon name utility:", source: https://automation-c-dev-ed.develop.lightning.force.com/components/lightning/icon.js (1)
[21908:21228:1214/143605.302:INFO:CONSOLE(1)] "[2023-12-14T14:36:05.302Z] PLOG:  On Tab Updated Called, Tab Info:  [object Object]", source: chrome-extension://lcjffalegnahpnmpnheedopiokdlcpgg/BS.js (1)
[21908:21228:1214/143605.367:INFO:CONSOLE(1)] "[2023-12-14T14:36:05.366Z] PLOG:  On Tab Updated Called, Tab Info:  [object Object]", source: chrome-extension://lcjffalegnahpnmpnheedopiokdlcpgg/BS.js (1)
[21908:21228:1214/143605.949:INFO:CONSOLE(1)] "ComponentProfiler: Component-level profiling has not been enabled because "componentProfiler.instrumentation.ltng" gate is not open.", source: https://automation-c-dev-ed.develop.lightning.force.com/components/instrumentation/componentProfiler.js (1)
[21908:21228:1214/143606.414:INFO:CONSOLE(1)] "[2023-12-14T14:36:06.415Z] PLOG:  On Tab Updated Called, Tab Info:  [object Object]", source: chrome-extension://lcjffalegnahpnmpnheedopiokdlcpgg/BS.js (1)
[21908:21228:1214/143606.464:INFO:CONSOLE(1)] "[2023-12-14T14:36:06.462Z] PLOG:  On Tab Updated Called, Tab Info:  [object Object]", source: chrome-extension://lcjffalegnahpnmpnheedopiokdlcpgg/BS.js (1)
[21908:21228:1214/143606.517:INFO:CONSOLE(4)] "empApi setting initialized true for : undefined", source: https://automation-c-dev-ed.develop.lightning.force.com/components/force/empApi.js (4)
[21908:21228:1214/143606.754:INFO:CONSOLE(1)] "[2023-12-14T14:36:06.753Z] PLOG:  On Tab Updated Called, Tab Info:  [object Object]", source: chrome-extension://lcjffalegnahpnmpnheedopiokdlcpgg/BS.js (1)
[21908:21228:1214/143606.754:INFO:CONSOLE(1)] "[2023-12-14T14:36:06.753Z] PLOG:  On Tab Updated Called, Tab Info:  [object Object]", source: chrome-extension://lcjffalegnahpnmpnheedopiokdlcpgg/BS.js (1)
[21908:21228:1214/143607.162:INFO:CONSOLE(44)] "[object Object]", source: https://automation-c-dev-ed.develop.lightning.force.com/libraries/instrumentation/beaconLib.BeaconLibrary.js (44)
[21908:21228:1214/143807.546:INFO:CONSOLE(1)] "[2023-12-14T14:38:07.537Z] PLOG:  IdeReconnectMessage received", source: chrome-extension://lcjffalegnahpnmpnheedopiokdlcpgg/BS.js (1)
[21908:21228:1214/143807.546:INFO:CONSOLE(1)] "[2023-12-14T14:38:07.544Z] PLOG:  IdeReconnectMessage contextMessage:  [object Object]", source: chrome-extension://lcjffalegnahpnmpnheedopiokdlcpgg/BS.js (1)
[21908:21228:1214/143807.546:INFO:CONSOLE(1)] "[2023-12-14T14:38:07.544Z] PLOG:  doIdeConnectAndOpenSession, connecting to IDE..", source: chrome-extension://lcjffalegnahpnmpnheedopiokdlcpgg/BS.js (1)
[21908:21228:1214/143809.884:INFO:CONSOLE(1)] "WebSocket connection to 'ws://localhost:60449/' failed: Error in connection establishment: net::ERR_CONNECTION_REFUSED", source: chrome-extension://lcjffalegnahpnmpnheedopiokdlcpgg/BS.js (1)
[21908:21228:1214/143824.606:ERROR:chrome_web_ui_controller_factory.cc(587)] Requested load of chrome://newtab/ for incorrect profile type.
[21908:21228:1214/143824.701:INFO:CONSOLE(1)] "[2023-12-14T14:38:24.698Z] PLOG:  On Tab Updated Called, Tab Info:  [object Object]", source: chrome-extension://lcjffalegnahpnmpnheedopiokdlcpgg/BS.js (1)
[21908:21228:1214/143824.701:INFO:CONSOLE(1)] "[2023-12-14T14:38:24.698Z] PLOG:  On Tab Updated Called, Tab Info:  [object Object]", source: chrome-extension://lcjffalegnahpnmpnheedopiokdlcpgg/BS.js (1)
[21908:21228:1214/143829.594:ERROR:chrome_web_ui_controller_factory.cc(587)] Requested load of chrome://newtab/ for incorrect profile type.
[21908:21228:1214/143841.325:INFO:CONSOLE(1)] "Tab Closed.  tabId: 1607901261", source: chrome-extension://lcjffalegnahpnmpnheedopiokdlcpgg/BS.js (1)
[21908:21228:1214/143841.326:INFO:CONSOLE(1)] "[2023-12-14T14:38:41.326Z] PLOG:  Getting windows array...", source: chrome-extension://lcjffalegnahpnmpnheedopiokdlcpgg/BS.js (1)
[21908:21228:1214/143843.184:ERROR:chrome_web_ui_controller_factory.cc(587)] Requested load of chrome://newtab/ for incorrect profile type.
[21908:21228:1214/143843.213:INFO:CONSOLE(1)] "[2023-12-14T14:38:43.211Z] PLOG:  On Tab Updated Called, Tab Info:  [object Object]", source: chrome-extension://lcjffalegnahpnmpnheedopiokdlcpgg/BS.js (1)
[21908:21228:1214/143843.214:INFO:CONSOLE(1)] "[2023-12-14T14:38:43.211Z] PLOG:  On Tab Updated Called, Tab Info:  [object Object]", source: chrome-extension://lcjffalegnahpnmpnheedopiokdlcpgg/BS.js (1)
[21908:21228:1214/143845.288:INFO:CONSOLE(1)] "[2023-12-14T14:38:45.288Z] PLOG:  On Tab Updated Called, Tab Info:  [object Object]", source: chrome-extension://lcjffalegnahpnmpnheedopiokdlcpgg/BS.js (1)
[21908:21228:1214/143845.371:INFO:CONSOLE(1)] "[2023-12-14T14:38:45.374Z] PLOG:  On Tab Updated Called, Tab Info:  [object Object]", source: chrome-extension://lcjffalegnahpnmpnheedopiokdlcpgg/BS.js (1)
[21908:21228:1214/143845.403:INFO:CONSOLE(0)] "Error handling response: TypeError: Cannot read properties of null (reading 'sendMessage')
    at h.send (chrome-extension://lcjffalegnahpnmpnheedopiokdlcpgg/BS.js:1:24546)
    at chrome-extension://lcjffalegnahpnmpnheedopiokdlcpgg/BS.js:1:38668", source:  (0)
[21908:21228:1214/143846.574:INFO:CONSOLE(1)] "[2023-12-14T14:38:46.574Z] PLOG:  On Tab Updated Called, Tab Info:  [object Object]", source: chrome-extension://lcjffalegnahpnmpnheedopiokdlcpgg/BS.js (1)
[21908:21228:1214/143846.599:INFO:CONSOLE(1)] "[2023-12-14T14:38:46.600Z] PLOG:  On Tab Updated Called, Tab Info:  [object Object]", source: chrome-extension://lcjffalegnahpnmpnheedopiokdlcpgg/BS.js (1)
[21908:21228:1214/143847.718:INFO:CONSOLE(1)] "Tab Closed.  tabId: 1607901265", source: chrome-extension://lcjffalegnahpnmpnheedopiokdlcpgg/BS.js (1)
[21908:21228:1214/143918.377:INFO:CONSOLE(1)] "[2023-12-14T14:39:18.374Z] PLOG:  On Tab Updated Called, Tab Info:  [object Object]", source: chrome-extension://lcjffalegnahpnmpnheedopiokdlcpgg/BS.js (1)
[21908:21228:1214/143918.394:INFO:CONSOLE(0)] "Uncaught (in promise) Error: Could not establish connection. Receiving end does not exist.", source: https://automation-c-dev-ed.develop.my.salesforce.com/secur/logout.jsp (0)
[21908:21228:1214/143918.394:INFO:CONSOLE(0)] "Uncaught (in promise) Error: Could not establish connection. Receiving end does not exist.", source: https://automation-c-dev-ed.develop.my.salesforce.com/secur/logout.jsp (0)
[21908:21228:1214/143918.394:INFO:CONSOLE(0)] "Uncaught (in promise) Error: Could not establish connection. Receiving end does not exist.", source: https://automation-c-dev-ed.develop.my.salesforce.com/secur/logout.jsp (0)
[21908:21228:1214/143918.394:INFO:CONSOLE(0)] "Uncaught (in promise) Error: Could not establish connection. Receiving end does not exist.", source: https://automation-c-dev-ed.develop.my.salesforce.com/secur/logout.jsp (0)
[21908:21228:1214/143918.394:INFO:CONSOLE(0)] "Uncaught (in promise) Error: Could not establish connection. Receiving end does not exist.", source: https://automation-c-dev-ed.develop.my.salesforce.com/secur/logout.jsp (0)
[21908:21228:1214/143918.394:INFO:CONSOLE(0)] "Uncaught (in promise) Error: Could not establish connection. Receiving end does not exist.", source: https://automation-c-dev-ed.develop.my.salesforce.com/secur/logout.jsp (0)
[21908:21228:1214/143918.394:INFO:CONSOLE(0)] "Uncaught (in promise) Error: Could not establish connection. Receiving end does not exist.", source: https://automation-c-dev-ed.develop.my.salesforce.com/secur/logout.jsp (0)
[21908:21228:1214/143918.394:INFO:CONSOLE(0)] "Uncaught (in promise) Error: Could not establish connection. Receiving end does not exist.", source: https://automation-c-dev-ed.develop.my.salesforce.com/secur/logout.jsp (0)
[21908:21228:1214/143918.394:INFO:CONSOLE(0)] "Uncaught (in promise) Error: Could not establish connection. Receiving end does not exist.", source: https://automation-c-dev-ed.develop.my.salesforce.com/secur/logout.jsp (0)
[21908:21228:1214/143918.394:INFO:CONSOLE(0)] "Uncaught (in promise) Error: Could not establish connection. Receiving end does not exist.", source: https://automation-c-dev-ed.develop.my.salesforce.com/secur/logout.jsp (0)
[21908:21228:1214/143918.394:INFO:CONSOLE(0)] "Uncaught (in promise) Error: Could not establish connection. Receiving end does not exist.", source: https://automation-c-dev-ed.develop.my.salesforce.com/secur/logout.jsp (0)
[21908:21228:1214/143918.394:INFO:CONSOLE(0)] "Uncaught (in promise) Error: Could not establish connection. Receiving end does not exist.", source: https://automation-c-dev-ed.develop.my.salesforce.com/secur/logout.jsp (0)
[21908:21228:1214/143918.397:INFO:CONSOLE(0)] "Uncaught (in promise) Error: Could not establish connection. Receiving end does not exist.", source: https://automation-c-dev-ed.develop.my.salesforce.com/secur/logout.jsp (0)
[21908:21228:1214/143918.397:INFO:CONSOLE(0)] "Uncaught (in promise) Error: Could not establish connection. Receiving end does not exist.", source: https://automation-c-dev-ed.develop.my.salesforce.com/secur/logout.jsp (0)
[21908:21228:1214/143918.397:INFO:CONSOLE(0)] "Uncaught (in promise) Error: Could not establish connection. Receiving end does not exist.", source: https://automation-c-dev-ed.develop.my.salesforce.com/secur/logout.jsp (0)
[21908:21228:1214/143918.397:INFO:CONSOLE(0)] "Uncaught (in promise) Error: Could not establish connection. Receiving end does not exist.", source: https://automation-c-dev-ed.develop.my.salesforce.com/secur/logout.jsp (0)
[21908:21228:1214/143918.397:INFO:CONSOLE(0)] "Uncaught (in promise) Error: Could not establish connection. Receiving end does not exist.", source: https://automation-c-dev-ed.develop.my.salesforce.com/secur/logout.jsp (0)
[21908:21228:1214/143918.482:INFO:CONSOLE(0)] "Uncaught (in promise) Error: Could not establish connection. Receiving end does not exist.", source: https://login.salesforce.com/login/sessionserver212.html (0)
[21908:21228:1214/143918.482:INFO:CONSOLE(0)] "Uncaught (in promise) Error: Could not establish connection. Receiving end does not exist.", source: https://login.salesforce.com/login/sessionserver212.html (0)
[21908:21228:1214/143918.482:INFO:CONSOLE(0)] "Uncaught (in promise) Error: Could not establish connection. Receiving end does not exist.", source: https://login.salesforce.com/login/sessionserver212.html (0)
[21908:21228:1214/143918.482:INFO:CONSOLE(0)] "Uncaught (in promise) Error: Could not establish connection. Receiving end does not exist.", source: https://login.salesforce.com/login/sessionserver212.html (0)
[21908:21228:1214/143918.482:INFO:CONSOLE(0)] "Uncaught (in promise) Error: Could not establish connection. Receiving end does not exist.", source: https://login.salesforce.com/login/sessionserver212.html (0)
[21908:21228:1214/143918.482:INFO:CONSOLE(0)] "Uncaught (in promise) Error: Could not establish connection. Receiving end does not exist.", source: https://login.salesforce.com/login/sessionserver212.html (0)
[21908:21228:1214/143918.482:INFO:CONSOLE(0)] "Uncaught (in promise) Error: Could not establish connection. Receiving end does not exist.", source: https://login.salesforce.com/login/sessionserver212.html (0)
[21908:21228:1214/143918.482:INFO:CONSOLE(0)] "Uncaught (in promise) Error: Could not establish connection. Receiving end does not exist.", source: https://login.salesforce.com/login/sessionserver212.html (0)
[21908:21228:1214/143918.482:INFO:CONSOLE(0)] "Uncaught (in promise) Error: Could not establish connection. Receiving end does not exist.", source: https://login.salesforce.com/login/sessionserver212.html (0)
[21908:21228:1214/143918.482:INFO:CONSOLE(0)] "Uncaught (in promise) Error: Could not establish connection. Receiving end does not exist.", source: https://login.salesforce.com/login/sessionserver212.html (0)
[21908:21228:1214/143918.496:INFO:CONSOLE(0)] "Uncaught (in promise) Error: Could not establish connection. Receiving end does not exist.", source: https://login.salesforce.com/login/sessionserver212.html (0)
[21908:21228:1214/143918.496:INFO:CONSOLE(0)] "Uncaught (in promise) Error: Could not establish connection. Receiving end does not exist.", source: https://login.salesforce.com/login/sessionserver212.html (0)
[21908:21228:1214/143918.496:INFO:CONSOLE(0)] "Uncaught (in promise) Error: Could not establish connection. Receiving end does not exist.", source: https://login.salesforce.com/login/sessionserver212.html (0)
[21908:21228:1214/143918.496:INFO:CONSOLE(0)] "Uncaught (in promise) Error: Could not establish connection. Receiving end does not exist.", source: https://login.salesforce.com/login/sessionserver212.html (0)
[21908:21228:1214/143918.498:INFO:CONSOLE(0)] "Uncaught (in promise) Error: Could not establish connection. Receiving end does not exist.", source: https://login.salesforce.com/login/sessionserver212.html (0)
[21908:21228:1214/143918.498:INFO:CONSOLE(0)] "Uncaught (in promise) Error: Could not establish connection. Receiving end does not exist.", source: https://login.salesforce.com/login/sessionserver212.html (0)
[21908:21228:1214/143918.498:INFO:CONSOLE(0)] "Uncaught (in promise) Error: Could not establish connection. Receiving end does not exist.", source: https://login.salesforce.com/login/sessionserver212.html (0)
[21908:21228:1214/143918.498:INFO:CONSOLE(1)] "[2023-12-14T14:39:18.502Z] PLOG:  On Tab Updated Called, Tab Info:  [object Object]", source: chrome-extension://lcjffalegnahpnmpnheedopiokdlcpgg/BS.js (1)
[21908:21228:1214/143918.552:INFO:CONSOLE(1)] "[2023-12-14T14:39:18.552Z] PLOG:  On Tab Updated Called, Tab Info:  [object Object]", source: chrome-extension://lcjffalegnahpnmpnheedopiokdlcpgg/BS.js (1)
[21908:21228:1214/143919.935:INFO:CONSOLE(1)] "[2023-12-14T14:39:19.934Z] PLOG:  On Tab Updated Called, Tab Info:  [object Object]", source: chrome-extension://lcjffalegnahpnmpnheedopiokdlcpgg/BS.js (1)
[21908:21228:1214/143919.974:INFO:CONSOLE(1)] "[2023-12-14T14:39:19.974Z] PLOG:  On Tab Updated Called, Tab Info:  [object Object]", source: chrome-extension://lcjffalegnahpnmpnheedopiokdlcpgg/BS.js (1)
[21908:21228:1214/143919.985:INFO:CONSOLE(0)] "Uncaught (in promise) Error: Could not establish connection. Receiving end does not exist.", source: https://automation-c-dev-ed.develop.my.salesforce.com/ (0)
[21908:21228:1214/143919.985:INFO:CONSOLE(0)] "Uncaught (in promise) Error: Could not establish connection. Receiving end does not exist.", source: https://automation-c-dev-ed.develop.my.salesforce.com/ (0)
[21908:21228:1214/143919.985:INFO:CONSOLE(0)] "Uncaught (in promise) Error: Could not establish connection. Receiving end does not exist.", source: https://automation-c-dev-ed.develop.my.salesforce.com/ (0)
[21908:21228:1214/143919.985:INFO:CONSOLE(0)] "Uncaught (in promise) Error: Could not establish connection. Receiving end does not exist.", source: https://automation-c-dev-ed.develop.my.salesforce.com/ (0)
[21908:21228:1214/143919.985:INFO:CONSOLE(0)] "Uncaught (in promise) Error: Could not establish connection. Receiving end does not exist.", source: https://automation-c-dev-ed.develop.my.salesforce.com/ (0)
[21908:21228:1214/143919.986:INFO:CONSOLE(0)] "Uncaught (in promise) Error: Could not establish connection. Receiving end does not exist.", source: https://automation-c-dev-ed.develop.my.salesforce.com/ (0)
[21908:21228:1214/143919.986:INFO:CONSOLE(0)] "Uncaught (in promise) Error: Could not establish connection. Receiving end does not exist.", source: https://automation-c-dev-ed.develop.my.salesforce.com/ (0)
[21908:21228:1214/143919.986:INFO:CONSOLE(0)] "Uncaught (in promise) Error: Could not establish connection. Receiving end does not exist.", source: https://automation-c-dev-ed.develop.my.salesforce.com/ (0)
[21908:21228:1214/143919.986:INFO:CONSOLE(0)] "Uncaught (in promise) Error: Could not establish connection. Receiving end does not exist.", source: https://automation-c-dev-ed.develop.my.salesforce.com/ (0)
[21908:21228:1214/143919.986:INFO:CONSOLE(0)] "Uncaught (in promise) Error: Could not establish connection. Receiving end does not exist.", source: https://automation-c-dev-ed.develop.my.salesforce.com/ (0)
[21908:21228:1214/143919.986:INFO:CONSOLE(0)] "Uncaught (in promise) Error: Could not establish connection. Receiving end does not exist.", source: https://automation-c-dev-ed.develop.my.salesforce.com/ (0)
[21908:21228:1214/143919.986:INFO:CONSOLE(0)] "Uncaught (in promise) Error: Could not establish connection. Receiving end does not exist.", source: https://automation-c-dev-ed.develop.my.salesforce.com/ (0)
[21908:21228:1214/143919.986:INFO:CONSOLE(0)] "Uncaught (in promise) Error: Could not establish connection. Receiving end does not exist.", source: https://automation-c-dev-ed.develop.my.salesforce.com/ (0)
[21908:21228:1214/143919.986:INFO:CONSOLE(0)] "Uncaught (in promise) Error: Could not establish connection. Receiving end does not exist.", source: https://automation-c-dev-ed.develop.my.salesforce.com/ (0)
[21908:21228:1214/143919.986:INFO:CONSOLE(0)] "Uncaught (in promise) Error: Could not establish connection. Receiving end does not exist.", source: https://automation-c-dev-ed.develop.my.salesforce.com/ (0)
[21908:21228:1214/143919.986:INFO:CONSOLE(0)] "Uncaught (in promise) Error: Could not establish connection. Receiving end does not exist.", source: https://automation-c-dev-ed.develop.my.salesforce.com/ (0)
[21908:21228:1214/143920.051:INFO:CONSOLE(0)] "Uncaught (in promise) Error: Could not establish connection. Receiving end does not exist.", source: https://automation-c-dev-ed.develop.my.salesforce.com/ (0)
[21908:21228:1214/143920.059:INFO:CONSOLE(0)] "An iframe which has both allow-scripts and allow-same-origin for its sandbox attribute can escape its sandboxing.", source: https://automation-c-dev-ed.develop.my.salesforce.com/s.gif (0)
[21908:21228:1214/143920.157:INFO:CONSOLE(0)] "Uncaught (in promise) Error: Could not establish connection. Receiving end does not exist.", source: https://automation-c-dev-ed.develop.my.salesforce.com/s.gif (0)
[21908:21228:1214/143920.157:INFO:CONSOLE(0)] "Uncaught (in promise) Error: Could not establish connection. Receiving end does not exist.", source: https://automation-c-dev-ed.develop.my.salesforce.com/s.gif (0)
[21908:21228:1214/143920.157:INFO:CONSOLE(0)] "Uncaught (in promise) Error: Could not establish connection. Receiving end does not exist.", source: https://automation-c-dev-ed.develop.my.salesforce.com/s.gif (0)
[21908:21228:1214/143920.159:INFO:CONSOLE(0)] "Uncaught (in promise) Error: Could not establish connection. Receiving end does not exist.", source: https://automation-c-dev-ed.develop.my.salesforce.com/s.gif (0)
[21908:21228:1214/143920.179:INFO:CONSOLE(0)] "Uncaught (in promise) Error: Could not establish connection. Receiving end does not exist.", source: https://automation-c-dev-ed.develop.my.salesforce.com/s.gif (0)
[21908:21228:1214/143920.179:INFO:CONSOLE(0)] "Uncaught (in promise) Error: Could not establish connection. Receiving end does not exist.", source: https://automation-c-dev-ed.develop.my.salesforce.com/s.gif (0)
[21908:21228:1214/143920.179:INFO:CONSOLE(0)] "Uncaught (in promise) Error: Could not establish connection. Receiving end does not exist.", source: https://automation-c-dev-ed.develop.my.salesforce.com/s.gif (0)
[21908:21228:1214/143920.179:INFO:CONSOLE(0)] "Uncaught (in promise) Error: Could not establish connection. Receiving end does not exist.", source: https://automation-c-dev-ed.develop.my.salesforce.com/s.gif (0)
[21908:21228:1214/143920.179:INFO:CONSOLE(0)] "Uncaught (in promise) Error: Could not establish connection. Receiving end does not exist.", source: https://automation-c-dev-ed.develop.my.salesforce.com/s.gif (0)
[21908:21228:1214/143920.179:INFO:CONSOLE(0)] "Uncaught (in promise) Error: Could not establish connection. Receiving end does not exist.", source: https://automation-c-dev-ed.develop.my.salesforce.com/s.gif (0)
[21908:21228:1214/143920.179:INFO:CONSOLE(0)] "Uncaught (in promise) Error: Could not establish connection. Receiving end does not exist.", source: https://automation-c-dev-ed.develop.my.salesforce.com/s.gif (0)
[21908:21228:1214/143920.180:INFO:CONSOLE(0)] "Uncaught (in promise) Error: Could not establish connection. Receiving end does not exist.", source: https://automation-c-dev-ed.develop.my.salesforce.com/s.gif (0)
[21908:21228:1214/143920.180:INFO:CONSOLE(0)] "Uncaught (in promise) Error: Could not establish connection. Receiving end does not exist.", source: https://automation-c-dev-ed.develop.my.salesforce.com/s.gif (0)
[21908:21228:1214/143920.180:INFO:CONSOLE(0)] "Uncaught (in promise) Error: Could not establish connection. Receiving end does not exist.", source: https://automation-c-dev-ed.develop.my.salesforce.com/s.gif (0)
[21908:21228:1214/143920.180:INFO:CONSOLE(0)] "Uncaught (in promise) Error: Could not establish connection. Receiving end does not exist.", source: https://automation-c-dev-ed.develop.my.salesforce.com/s.gif (0)
[21908:21228:1214/143920.180:INFO:CONSOLE(0)] "Uncaught (in promise) Error: Could not establish connection. Receiving end does not exist.", source: https://automation-c-dev-ed.develop.my.salesforce.com/s.gif (0)
[21908:21228:1214/143920.180:INFO:CONSOLE(0)] "Uncaught (in promise) Error: Could not establish connection. Receiving end does not exist.", source: https://automation-c-dev-ed.develop.my.salesforce.com/s.gif (0)
[21908:21228:1214/143920.180:INFO:CONSOLE(0)] "Uncaught (in promise) Error: Could not establish connection. Receiving end does not exist.", source: https://login.salesforce.com/login/sessionserver212.html (0)
[21908:21228:1214/143920.180:INFO:CONSOLE(0)] "Uncaught (in promise) Error: Could not establish connection. Receiving end does not exist.", source: https://login.salesforce.com/login/sessionserver212.html (0)
[21908:21228:1214/143920.180:INFO:CONSOLE(0)] "Uncaught (in promise) Error: Could not establish connection. Receiving end does not exist.", source: https://login.salesforce.com/login/sessionserver212.html (0)
[21908:21228:1214/143920.180:INFO:CONSOLE(0)] "Uncaught (in promise) Error: Could not establish connection. Receiving end does not exist.", source: https://login.salesforce.com/login/sessionserver212.html (0)
[21908:21228:1214/143920.180:INFO:CONSOLE(0)] "Uncaught (in promise) Error: Could not establish connection. Receiving end does not exist.", source: https://login.salesforce.com/login/sessionserver212.html (0)
[21908:21228:1214/143920.180:INFO:CONSOLE(0)] "Uncaught (in promise) Error: Could not establish connection. Receiving end does not exist.", source: https://login.salesforce.com/login/sessionserver212.html (0)
[21908:21228:1214/143920.180:INFO:CONSOLE(0)] "Uncaught (in promise) Error: Could not establish connection. Receiving end does not exist.", source: https://login.salesforce.com/login/sessionserver212.html (0)
[21908:21228:1214/143920.180:INFO:CONSOLE(0)] "Uncaught (in promise) Error: Could not establish connection. Receiving end does not exist.", source: https://login.salesforce.com/login/sessionserver212.html (0)
[21908:21228:1214/143920.180:INFO:CONSOLE(0)] "Uncaught (in promise) Error: Could not establish connection. Receiving end does not exist.", source: https://login.salesforce.com/login/sessionserver212.html (0)
[21908:21228:1214/143920.180:INFO:CONSOLE(0)] "Uncaught (in promise) Error: Could not establish connection. Receiving end does not exist.", source: https://login.salesforce.com/login/sessionserver212.html (0)
[21908:21228:1214/143920.180:INFO:CONSOLE(0)] "Uncaught (in promise) Error: Could not establish connection. Receiving end does not exist.", source: https://login.salesforce.com/login/sessionserver212.html (0)
[21908:21228:1214/143920.180:INFO:CONSOLE(0)] "Uncaught (in promise) Error: Could not establish connection. Receiving end does not exist.", source: https://login.salesforce.com/login/sessionserver212.html (0)
[21908:21228:1214/143920.182:INFO:CONSOLE(0)] "Uncaught (in promise) Error: Could not establish connection. Receiving end does not exist.", source: https://login.salesforce.com/login/sessionserver212.html (0)
[21908:21228:1214/143920.182:INFO:CONSOLE(0)] "Uncaught (in promise) Error: Could not establish connection. Receiving end does not exist.", source: https://login.salesforce.com/login/sessionserver212.html (0)
[21908:21228:1214/143920.182:INFO:CONSOLE(0)] "Uncaught (in promise) Error: Could not establish connection. Receiving end does not exist.", source: https://login.salesforce.com/login/sessionserver212.html (0)
[21908:21228:1214/143920.182:INFO:CONSOLE(0)] "Uncaught (in promise) Error: Could not establish connection. Receiving end does not exist.", source: https://login.salesforce.com/login/sessionserver212.html (0)
[21908:21228:1214/143920.182:INFO:CONSOLE(0)] "Uncaught (in promise) Error: Could not establish connection. Receiving end does not exist.", source: https://login.salesforce.com/login/sessionserver212.html (0)
[21908:21228:1214/143920.269:INFO:CONSOLE(1)] "[2023-12-14T14:39:20.268Z] PLOG:  On Tab Updated Called, Tab Info:  [object Object]", source: chrome-extension://lcjffalegnahpnmpnheedopiokdlcpgg/BS.js (1)
[21908:21228:1214/143920.318:INFO:CONSOLE(0)] "Uncaught (in promise) Error: Could not establish connection. Receiving end does not exist.", source: https://c.salesforce.com/login-messages/uk/promos.html (0)
[21908:21228:1214/143920.319:INFO:CONSOLE(0)] "Uncaught (in promise) Error: Could not establish connection. Receiving end does not exist.", source: https://c.salesforce.com/login-messages/uk/promos.html (0)
[21908:21228:1214/143920.320:INFO:CONSOLE(0)] "Uncaught (in promise) Error: Could not establish connection. Receiving end does not exist.", source: https://c.salesforce.com/login-messages/uk/promos.html (0)
[21908:21228:1214/143920.320:INFO:CONSOLE(0)] "Uncaught (in promise) Error: Could not establish connection. Receiving end does not exist.", source: https://c.salesforce.com/login-messages/uk/promos.html (0)
[21908:21228:1214/143920.320:INFO:CONSOLE(0)] "Uncaught (in promise) Error: Could not establish connection. Receiving end does not exist.", source: https://c.salesforce.com/login-messages/uk/promos.html (0)
[21908:21228:1214/143920.320:INFO:CONSOLE(0)] "Uncaught (in promise) Error: Could not establish connection. Receiving end does not exist.", source: https://c.salesforce.com/login-messages/uk/promos.html (0)
[21908:21228:1214/143920.320:INFO:CONSOLE(0)] "Uncaught (in promise) Error: Could not establish connection. Receiving end does not exist.", source: https://c.salesforce.com/login-messages/uk/promos.html (0)
[21908:21228:1214/143920.320:INFO:CONSOLE(0)] "Uncaught (in promise) Error: Could not establish connection. Receiving end does not exist.", source: https://c.salesforce.com/login-messages/uk/promos.html (0)
[21908:21228:1214/143920.322:INFO:CONSOLE(0)] "Uncaught (in promise) Error: Could not establish connection. Receiving end does not exist.", source: https://c.salesforce.com/login-messages/uk/promos.html (0)
[21908:21228:1214/143920.322:INFO:CONSOLE(0)] "Uncaught (in promise) Error: Could not establish connection. Receiving end does not exist.", source: https://c.salesforce.com/login-messages/uk/promos.html (0)
[21908:21228:1214/143920.323:INFO:CONSOLE(0)] "Uncaught (in promise) Error: Could not establish connection. Receiving end does not exist.", source: https://c.salesforce.com/login-messages/uk/promos.html (0)
[21908:21228:1214/143920.323:INFO:CONSOLE(0)] "Uncaught (in promise) Error: Could not establish connection. Receiving end does not exist.", source: https://c.salesforce.com/login-messages/uk/promos.html (0)
[21908:21228:1214/143920.323:INFO:CONSOLE(0)] "Uncaught (in promise) Error: Could not establish connection. Receiving end does not exist.", source: https://c.salesforce.com/login-messages/uk/promos.html (0)
[21908:21228:1214/143920.323:INFO:CONSOLE(0)] "Uncaught (in promise) Error: Could not establish connection. Receiving end does not exist.", source: https://c.salesforce.com/login-messages/uk/promos.html (0)
[21908:21228:1214/143920.323:INFO:CONSOLE(0)] "Uncaught (in promise) Error: Could not establish connection. Receiving end does not exist.", source: https://c.salesforce.com/login-messages/uk/promos.html (0)
[21908:21228:1214/143920.324:INFO:CONSOLE(0)] "Uncaught (in promise) Error: Could not establish connection. Receiving end does not exist.", source: https://c.salesforce.com/login-messages/uk/promos.html (0)
[21908:21228:1214/143920.324:INFO:CONSOLE(0)] "Uncaught (in promise) Error: Could not establish connection. Receiving end does not exist.", source: https://c.salesforce.com/login-messages/uk/promos.html (0)
[21908:21228:1214/143920.800:WARNING:pref_notifier_impl.cc(41)] Pref observer for media_router.cast_allow_all_ips found at shutdown.
